<?xml version='1.0' encoding='UTF-8'?>
<testsuite hostname="DESKTOP-66N42T0" name="TestTable" tests="8" errors="0" failures="0" skipped="0" time="0.028" timestamp="2024-04-20T21:37:00">
          <properties>
[...]
</properties>
          <testcase classname="TestTable" name="apply 1" time="0.015">
                      
                    </testcase><testcase classname="TestTable" name="toString 1" time="0.005">
                      
                    </testcase><testcase classname="TestTable" name="filter 1" time="0.003">
                      
                    </testcase><testcase classname="TestTable" name="delete 1" time="0.001">
                      
                    </testcase><testcase classname="TestTable" name="insert 1" time="0.001">
                      
                    </testcase><testcase classname="TestTable" name="sort 1" time="0.001">
                      
                    </testcase><testcase classname="TestTable" name="select 1" time="0.001">
                      
                    </testcase><testcase classname="TestTable" name="update 1" time="0.001">
                      
                    </testcase>
          <system-out><![CDATA[]]></system-out>
          <system-err><![CDATA[]]></system-err>
        </testsuite>